2023/07/08 19:21:37 [notice] 1#1: using the "epoll" event method
2023/07/08 19:21:37 [notice] 1#1: nginx/1.25.1
2023/07/08 19:21:37 [notice] 1#1: built by gcc 12.2.0 (Debian 12.2.0-14) 
2023/07/08 19:21:37 [notice] 1#1: OS: Linux 5.15.90.1-microsoft-standard-WSL2
2023/07/08 19:21:37 [notice] 1#1: getrlimit(RLIMIT_NOFILE): 1048576:1048576
2023/07/08 19:21:37 [notice] 1#1: start worker processes
2023/07/08 19:21:37 [notice] 1#1: start worker process 20
2023/07/08 19:21:37 [notice] 1#1: start worker process 21
2023/07/08 19:21:37 [notice] 1#1: start worker process 22
2023/07/08 19:21:37 [notice] 1#1: start worker process 23
2023/07/08 19:21:37 [notice] 1#1: start worker process 24
2023/07/08 19:21:37 [notice] 1#1: start worker process 25
2023/07/08 19:21:37 [notice] 1#1: start worker process 26
2023/07/08 19:21:37 [notice] 1#1: start worker process 27
2023/07/08 19:21:37 [notice] 1#1: start worker process 28
2023/07/08 19:21:37 [notice] 1#1: start worker process 29
2023/07/08 19:21:37 [notice] 1#1: start worker process 30
2023/07/08 19:21:37 [notice] 1#1: start worker process 31
2023/07/08 19:21:37 [notice] 1#1: start worker process 32
2023/07/08 19:21:37 [notice] 1#1: start worker process 33
2023/07/08 19:21:37 [notice] 1#1: start worker process 34
2023/07/08 19:21:37 [notice] 1#1: start worker process 35
2023/07/08 19:21:37 [notice] 1#1: start worker process 36
2023/07/08 19:21:37 [notice] 1#1: start worker process 37
2023/07/08 19:21:37 [notice] 1#1: start worker process 38
2023/07/08 19:21:37 [notice] 1#1: start worker process 39
2023/07/09 10:25:15 [notice] 1#1: signal 3 (SIGQUIT) received, shutting down
2023/07/09 10:25:15 [notice] 21#21: gracefully shutting down
2023/07/09 10:25:15 [notice] 25#25: gracefully shutting down
2023/07/09 10:25:15 [notice] 20#20: gracefully shutting down
2023/07/09 10:25:15 [notice] 24#24: gracefully shutting down
2023/07/09 10:25:15 [notice] 29#29: gracefully shutting down
2023/07/09 10:25:15 [notice] 27#27: gracefully shutting down
2023/07/09 10:25:15 [notice] 39#39: gracefully shutting down
2023/07/09 10:25:15 [notice] 37#37: gracefully shutting down
2023/07/09 10:25:15 [notice] 23#23: gracefully shutting down
2023/07/09 10:25:15 [notice] 28#28: gracefully shutting down
2023/07/09 10:25:15 [notice] 34#34: gracefully shutting down
2023/07/09 10:25:15 [notice] 22#22: gracefully shutting down
2023/07/09 10:25:15 [notice] 33#33: gracefully shutting down
2023/07/09 10:25:15 [notice] 26#26: gracefully shutting down
2023/07/09 10:25:15 [notice] 32#32: gracefully shutting down
2023/07/09 10:25:15 [notice] 30#30: gracefully shutting down
2023/07/09 10:25:15 [notice] 36#36: gracefully shutting down
2023/07/09 10:25:15 [notice] 31#31: gracefully shutting down
2023/07/09 10:25:15 [notice] 38#38: gracefully shutting down
2023/07/09 10:25:15 [notice] 35#35: gracefully shutting down
2023/07/09 10:25:15 [notice] 25#25: exiting
2023/07/09 10:25:15 [notice] 21#21: exiting
2023/07/09 10:25:15 [notice] 20#20: exiting
2023/07/09 10:25:15 [notice] 24#24: exiting
2023/07/09 10:25:15 [notice] 29#29: exiting
2023/07/09 10:25:15 [notice] 27#27: exiting
2023/07/09 10:25:15 [notice] 39#39: exiting
2023/07/09 10:25:15 [notice] 37#37: exiting
2023/07/09 10:25:15 [notice] 23#23: exiting
2023/07/09 10:25:15 [notice] 28#28: exiting
2023/07/09 10:25:15 [notice] 34#34: exiting
2023/07/09 10:25:15 [notice] 33#33: exiting
2023/07/09 10:25:15 [notice] 22#22: exiting
2023/07/09 10:25:15 [notice] 26#26: exiting
2023/07/09 10:25:15 [notice] 32#32: exiting
2023/07/09 10:25:15 [notice] 30#30: exiting
2023/07/09 10:25:15 [notice] 36#36: exiting
2023/07/09 10:25:15 [notice] 38#38: exiting
2023/07/09 10:25:15 [notice] 35#35: exiting
2023/07/09 10:25:15 [notice] 31#31: exiting
2023/07/09 10:25:15 [notice] 20#20: exit
2023/07/09 10:25:15 [notice] 21#21: exit
2023/07/09 10:25:15 [notice] 25#25: exit
2023/07/09 10:25:15 [notice] 24#24: exit
2023/07/09 10:25:15 [notice] 29#29: exit
2023/07/09 10:25:15 [notice] 27#27: exit
2023/07/09 10:25:15 [notice] 39#39: exit
2023/07/09 10:25:15 [notice] 37#37: exit
2023/07/09 10:25:15 [notice] 23#23: exit
2023/07/09 10:25:15 [notice] 28#28: exit
2023/07/09 10:25:15 [notice] 34#34: exit
2023/07/09 10:25:15 [notice] 33#33: exit
2023/07/09 10:25:15 [notice] 22#22: exit
2023/07/09 10:25:15 [notice] 26#26: exit
2023/07/09 10:25:15 [notice] 32#32: exit
2023/07/09 10:25:15 [notice] 30#30: exit
2023/07/09 10:25:15 [notice] 36#36: exit
2023/07/09 10:25:15 [notice] 38#38: exit
2023/07/09 10:25:15 [notice] 35#35: exit
2023/07/09 10:25:15 [notice] 31#31: exit
2023/07/09 10:25:15 [notice] 1#1: signal 17 (SIGCHLD) received from 20
2023/07/09 10:25:15 [notice] 1#1: worker process 20 exited with code 0
2023/07/09 10:25:15 [notice] 1#1: worker process 28 exited with code 0
2023/07/09 10:25:15 [notice] 1#1: signal 29 (SIGIO) received
2023/07/09 10:25:15 [notice] 1#1: signal 17 (SIGCHLD) received from 21
2023/07/09 10:25:15 [notice] 1#1: worker process 21 exited with code 0
2023/07/09 10:25:15 [notice] 1#1: worker process 22 exited with code 0
2023/07/09 10:25:15 [notice] 1#1: worker process 23 exited with code 0
2023/07/09 10:25:15 [notice] 1#1: worker process 24 exited with code 0
2023/07/09 10:25:15 [notice] 1#1: worker process 25 exited with code 0
2023/07/09 10:25:15 [notice] 1#1: worker process 26 exited with code 0
2023/07/09 10:25:15 [notice] 1#1: worker process 27 exited with code 0
2023/07/09 10:25:15 [notice] 1#1: worker process 29 exited with code 0
2023/07/09 10:25:15 [notice] 1#1: worker process 30 exited with code 0
2023/07/09 10:25:15 [notice] 1#1: worker process 31 exited with code 0
2023/07/09 10:25:15 [notice] 1#1: worker process 32 exited with code 0
2023/07/09 10:25:15 [notice] 1#1: worker process 33 exited with code 0
2023/07/09 10:25:15 [notice] 1#1: worker process 34 exited with code 0
2023/07/09 10:25:15 [notice] 1#1: worker process 35 exited with code 0
2023/07/09 10:25:15 [notice] 1#1: worker process 36 exited with code 0
2023/07/09 10:25:15 [notice] 1#1: worker process 37 exited with code 0
2023/07/09 10:25:15 [notice] 1#1: worker process 38 exited with code 0
2023/07/09 10:25:15 [notice] 1#1: worker process 39 exited with code 0
2023/07/09 10:25:15 [notice] 1#1: exit
2023/07/09 10:25:22 [emerg] 1#1: host not found in upstream "php" in /etc/nginx/conf.d/kafka.conf:24
2023/07/09 10:25:30 [emerg] 1#1: host not found in upstream "php" in /etc/nginx/conf.d/kafka.conf:24
2023/07/09 10:25:39 [emerg] 1#1: host not found in upstream "php" in /etc/nginx/conf.d/kafka.conf:24
2023/07/09 10:25:48 [emerg] 1#1: host not found in upstream "php" in /etc/nginx/conf.d/kafka.conf:24
2023/07/09 10:25:57 [emerg] 1#1: host not found in upstream "php" in /etc/nginx/conf.d/kafka.conf:24
2023/07/09 10:26:07 [emerg] 1#1: host not found in upstream "php" in /etc/nginx/conf.d/kafka.conf:24
2023/07/09 10:26:19 [emerg] 1#1: host not found in upstream "php" in /etc/nginx/conf.d/kafka.conf:24
2023/07/09 10:26:34 [emerg] 1#1: host not found in upstream "php" in /etc/nginx/conf.d/kafka.conf:24
2023/07/09 10:26:55 [emerg] 1#1: host not found in upstream "php" in /etc/nginx/conf.d/kafka.conf:24
2023/07/09 10:27:29 [emerg] 1#1: host not found in upstream "php" in /etc/nginx/conf.d/kafka.conf:24
2023/07/09 10:28:28 [emerg] 1#1: host not found in upstream "php" in /etc/nginx/conf.d/kafka.conf:24
2023/07/09 10:45:02 [emerg] 1#1: host not found in upstream "php" in /etc/nginx/conf.d/kafka.conf:24
2023/07/09 10:45:12 [emerg] 1#1: host not found in upstream "php" in /etc/nginx/conf.d/kafka.conf:24
2023/07/09 10:45:20 [emerg] 1#1: host not found in upstream "php" in /etc/nginx/conf.d/kafka.conf:24
2023/07/09 10:45:29 [emerg] 1#1: host not found in upstream "php" in /etc/nginx/conf.d/kafka.conf:24
2023/07/09 10:45:38 [emerg] 1#1: host not found in upstream "php" in /etc/nginx/conf.d/kafka.conf:24
2023/07/09 10:45:48 [emerg] 1#1: host not found in upstream "php" in /etc/nginx/conf.d/kafka.conf:24
2023/07/09 10:46:00 [emerg] 1#1: host not found in upstream "php" in /etc/nginx/conf.d/kafka.conf:24
2023/07/09 10:46:14 [emerg] 1#1: host not found in upstream "php" in /etc/nginx/conf.d/kafka.conf:24
2023/07/09 10:46:36 [emerg] 1#1: host not found in upstream "php" in /etc/nginx/conf.d/kafka.conf:24
2023/07/09 10:47:10 [emerg] 1#1: host not found in upstream "php" in /etc/nginx/conf.d/kafka.conf:24
2023/07/09 10:47:51 [notice] 1#1: using the "epoll" event method
2023/07/09 10:47:51 [notice] 1#1: nginx/1.25.1
2023/07/09 10:47:51 [notice] 1#1: built by gcc 12.2.0 (Debian 12.2.0-14) 
2023/07/09 10:47:51 [notice] 1#1: OS: Linux 5.15.90.1-microsoft-standard-WSL2
2023/07/09 10:47:51 [notice] 1#1: getrlimit(RLIMIT_NOFILE): 1048576:1048576
2023/07/09 10:47:51 [notice] 1#1: start worker processes
2023/07/09 10:47:51 [notice] 1#1: start worker process 20
2023/07/09 10:47:51 [notice] 1#1: start worker process 21
2023/07/09 10:47:51 [notice] 1#1: start worker process 22
2023/07/09 10:47:51 [notice] 1#1: start worker process 23
2023/07/09 10:47:51 [notice] 1#1: start worker process 24
2023/07/09 10:47:51 [notice] 1#1: start worker process 25
2023/07/09 10:47:51 [notice] 1#1: start worker process 26
2023/07/09 10:47:51 [notice] 1#1: start worker process 27
2023/07/09 10:47:51 [notice] 1#1: start worker process 28
2023/07/09 10:47:51 [notice] 1#1: start worker process 29
2023/07/09 10:47:51 [notice] 1#1: start worker process 30
2023/07/09 10:47:51 [notice] 1#1: start worker process 31
2023/07/09 10:47:51 [notice] 1#1: start worker process 32
2023/07/09 10:47:51 [notice] 1#1: start worker process 33
2023/07/09 10:47:51 [notice] 1#1: start worker process 34
2023/07/09 10:47:51 [notice] 1#1: start worker process 35
2023/07/09 10:47:51 [notice] 1#1: start worker process 36
2023/07/09 10:47:51 [notice] 1#1: start worker process 37
2023/07/09 10:47:51 [notice] 1#1: start worker process 38
2023/07/09 10:47:51 [notice] 1#1: start worker process 39
